<?xml version="1.0" encoding="UTF-8"?><testsuite name="nosetests" tests="10" errors="0" failures="0" skip="0"><testcase classname="tests.test_api.TestApi" name="test_get_info" time="0.001"></testcase><testcase classname="tests.test_api.TestApi" name="test_init_api" time="0.000"></testcase><testcase classname="tests.test_api.TestApi" name="test_run" time="0.001"></testcase><testcase classname="tests.test_nose_adapter.TestNoseAdapters" name="test_get_nose_transport" time="0.000"></testcase><testcase classname="tests.test_sql_storage.SqlStorageTests" name="test_add_test_result" time="0.007"></testcase><testcase classname="tests.test_sql_storage.SqlStorageTests" name="test_add_test_run" time="0.003"></testcase><testcase classname="tests.test_sql_storage.SqlStorageTests" name="test_create_session" time="0.003"></testcase><testcase classname="tests.test_sql_storage.SqlStorageTests" name="test_get_test_results" time="0.006"></testcase><testcase classname="tests.test_v1_rest_api.ApiV1Tests" name="test_get_call" time="0.005"></testcase><testcase classname="tests.test_v1_rest_api.ApiV1Tests" name="test_post_call" time="0.002"></testcase></testsuite>